06/13/2020 19:53:46,820 root INFO Creating connection
06/13/2020 19:53:47,40 root INFO Connection is ready
06/13/2020 19:53:47,41 root INFO Initial model created
06/13/2020 19:53:47,41 root INFO Data retrieved at step 1/32
06/13/2020 20:02:55,589 root INFO Creating connection
06/13/2020 20:02:56,647 root INFO Connection is ready
06/13/2020 20:02:56,647 root INFO Initial model created
06/13/2020 20:02:56,648 root INFO Data retrieved at step 1/32
06/13/2020 20:06:17,449 root INFO Creating connection
06/13/2020 20:06:17,598 root INFO Connection is ready
06/13/2020 20:06:17,599 root INFO Initial model created
06/13/2020 20:06:17,624 root INFO Data retrieved at step 1/32
06/13/2020 20:09:12,697 root INFO Creating connection
06/13/2020 20:09:13,487 root INFO Connection is ready
06/13/2020 20:09:13,488 root INFO Initial model created
06/13/2020 20:09:13,488 root INFO Data retrieved at step 1/32
06/13/2020 20:11:06,482 root INFO Creating connection
06/13/2020 20:11:06,799 root INFO Connection is ready
06/13/2020 20:11:06,800 root INFO Initial model created
06/13/2020 20:11:06,800 root INFO Data retrieved at step 1/32
06/13/2020 20:16:09,819 root INFO Creating connection
06/13/2020 20:16:09,880 root INFO Connection is ready
06/13/2020 20:16:09,880 root INFO Initial model created
06/13/2020 20:16:09,880 root INFO Data retrieved at step 1/32
06/14/2020 01:22:22,501 root INFO Creating connection
06/14/2020 01:22:22,883 root INFO Connection is ready
06/14/2020 01:26:10,189 root INFO Creating connection
06/14/2020 01:26:10,260 root INFO Connection is ready
06/14/2020 01:26:10,260 root INFO Initial model created
06/14/2020 01:26:10,260 root INFO Data retrieved at step 1/32
06/14/2020 01:34:52,853 root INFO Creating connection
06/14/2020 01:34:53,32 root INFO Connection is ready
06/14/2020 01:34:53,32 root INFO Initial model created
06/14/2020 01:34:53,33 root INFO Data retrieved at step 1/32
06/14/2020 01:37:15,474 root INFO Creating connection
06/14/2020 01:37:15,539 root INFO Connection is ready
06/14/2020 01:37:15,539 root INFO Initial model created
06/14/2020 01:37:15,539 root INFO Data retrieved at step 1/32
06/14/2020 01:47:53,534 root INFO Creating connection
06/14/2020 01:47:53,634 root INFO Connection is ready
06/14/2020 01:47:53,634 root INFO Initial model created
06/14/2020 01:48:30,888 root INFO Creating connection
06/14/2020 01:48:30,947 root INFO Connection is ready
06/14/2020 01:48:30,947 root INFO Initial model created
06/14/2020 01:48:30,948 root INFO Data retrieved at step 1/32
06/14/2020 01:58:39,402 root INFO Data retrieved at step 2/32
06/14/2020 02:09:17,686 root INFO Data retrieved at step 3/32
06/14/2020 02:20:36,286 root INFO Data retrieved at step 4/32
06/14/2020 02:31:47,236 root INFO Data retrieved at step 5/32
06/14/2020 02:42:55,91 root INFO Data retrieved at step 6/32
06/14/2020 02:53:07,721 root INFO Data retrieved at step 7/32
06/14/2020 03:22:56,99 root INFO Creating connection
06/14/2020 03:22:56,180 root INFO Connection is ready
06/14/2020 03:22:56,181 root INFO Initial model created for phone type s3mini
06/14/2020 03:22:56,181 root INFO Learning stage started with total step of 3
06/14/2020 03:22:56,183 root INFO Data retrieved at step 1/3
06/14/2020 03:22:56,720 root INFO Data retrieved at step 2/3
06/14/2020 03:22:57,143 root INFO Data retrieved at step 3/3
06/14/2020 03:22:57,569 root INFO Data retrieved at step 4/3
06/14/2020 03:32:03,608 root INFO Creating connection
06/14/2020 03:32:03,683 root INFO Connection is ready
06/14/2020 03:32:03,683 root INFO Initial model created for phone type s3mini
06/14/2020 03:32:03,683 root INFO Learning stage started with total step of 3
06/14/2020 03:32:03,685 root INFO Data retrieved at step 1/3
06/14/2020 03:40:40,695 root INFO Data retrieved at step 2/3
06/14/2020 03:47:22,648 root INFO Data retrieved at step 3/3
06/14/2020 03:47:39,616 root INFO Data retrieved at step 4/3
06/14/2020 04:03:24,620 root INFO Learning stage is done
06/14/2020 04:03:24,620 root INFO Test stage started
06/14/2020 04:03:24,622 root INFO New connection for test stage established
06/14/2020 04:03:24,622 root INFO Test stage has 100 records for each class from 7 different classes
06/14/2020 04:03:54,723 root INFO Test data set has been created
06/14/2020 04:03:54,723 root INFO Metrics are reset
06/14/2020 04:03:54,732 root INFO Test results have been started to send to Grafana
06/14/2020 04:03:57,587 root INFO All processes are done
06/14/2020 13:41:33,267 root INFO Creating connection
06/14/2020 13:41:33,443 root INFO Connection is ready
06/14/2020 13:41:33,443 root INFO Initial model created for phone type s3mini
06/14/2020 13:41:33,443 root INFO Learning stage started with total step of 3
06/14/2020 13:41:33,444 root INFO Data retrieved at step 1/4
06/14/2020 14:17:34,611 root INFO Creating connection
06/14/2020 14:17:34,690 root INFO Connection is ready
06/14/2020 14:17:34,690 root INFO Initial model created for phone type s3mini
06/14/2020 14:17:34,690 root INFO Learning stage started with total step of 0
06/14/2020 14:17:34,692 root INFO Data retrieved at step 1/1
06/14/2020 14:22:50,503 root INFO Creating connection
06/14/2020 14:22:50,554 root INFO Connection is ready
06/14/2020 14:22:50,554 root INFO Initial model created for phone type s3mini
06/14/2020 14:22:50,554 root INFO Learning stage started with total step of 0
06/14/2020 14:22:50,556 root INFO Data retrieved at step 1/1
06/14/2020 14:24:03,562 root INFO Creating connection
06/14/2020 14:24:03,642 root INFO Connection is ready
06/14/2020 14:24:03,643 root INFO Initial model created for phone type s3mini
06/14/2020 14:24:03,643 root INFO Learning stage started with total step of 0
06/14/2020 14:24:03,644 root INFO Data retrieved at step 1/1
06/14/2020 14:25:30,330 root INFO Creating connection
06/14/2020 14:25:30,399 root INFO Connection is ready
06/14/2020 14:25:30,399 root INFO Initial model created for phone type s3mini
06/14/2020 14:25:30,399 root INFO Learning stage started with total step of 0
06/14/2020 14:25:30,400 root INFO Data retrieved at step 1/1
06/14/2020 14:25:37,129 root INFO Learning stage is done
06/14/2020 14:26:59,454 root INFO Creating connection
06/14/2020 14:26:59,585 root INFO Connection is ready
06/14/2020 14:26:59,585 root INFO Initial model created for phone type s3mini
06/14/2020 14:26:59,586 root INFO Learning stage started with total step of 3
06/14/2020 14:26:59,587 root INFO Data retrieved at step 1/4
06/14/2020 14:28:10,653 root INFO Creating connection
06/14/2020 14:28:10,722 root INFO Connection is ready
06/14/2020 14:28:10,722 root INFO Initial model created for phone type s3mini
06/14/2020 14:28:10,723 root INFO Learning stage started with total step of 3
06/14/2020 14:28:10,724 root INFO Data retrieved at step 1/4
06/14/2020 14:38:40,470 root INFO Data retrieved at step 2/4
06/14/2020 14:47:24,961 root INFO Data retrieved at step 3/4
06/14/2020 14:47:30,390 root INFO Data retrieved at step 4/4
06/14/2020 14:57:51,815 root INFO Creating connection
06/14/2020 14:57:51,866 root INFO Connection is ready
06/14/2020 14:57:51,866 root INFO Initial model created for phone type s3mini
06/14/2020 14:57:51,866 root INFO Learning stage started with total step of 3
06/14/2020 14:57:51,867 root INFO Data retrieved at step 1/4
06/14/2020 15:10:46,345 root INFO Data retrieved at step 2/4
06/14/2020 15:22:12,334 root INFO Data retrieved at step 3/4
06/14/2020 15:22:19,402 root INFO Data retrieved at step 4/4
06/15/2020 10:25:24,431 root INFO Creating connection
06/15/2020 10:25:24,506 root INFO Connection is ready
06/15/2020 10:25:24,506 root INFO Initial model created for phone type s3mini
06/15/2020 10:25:24,506 root INFO Learning stage started with total step of 3
06/15/2020 10:25:24,507 root INFO Data retrieved at step 1/4
06/15/2020 10:31:16,712 root INFO Creating connection
06/15/2020 10:31:16,911 root INFO Connection is ready
06/15/2020 10:31:16,911 root INFO Initial model created for phone type s3mini
06/15/2020 10:31:16,911 root INFO Learning stage started with total step of 3
06/15/2020 10:31:16,913 root INFO Data retrieved at step 1/4
06/15/2020 10:50:14,708 root INFO Data retrieved at step 2/4
06/15/2020 11:05:01,408 root INFO Data retrieved at step 3/4
06/15/2020 11:05:06,342 root INFO Data retrieved at step 4/4
06/15/2020 11:32:51,605 root INFO Learning stage is done
06/15/2020 11:32:51,605 root INFO Accuracy: 0.9995518094856023
06/15/2020 11:32:51,605 root INFO Multiclass F Beta Score: 0.9995290401759328
06/15/2020 11:32:51,605 root INFO Total time: 3694.6934661865234
06/15/2020 11:32:51,605 root INFO Time per one iteration: 0.010591248426765325
06/15/2020 11:45:01,654 root INFO Creating connection
06/15/2020 11:45:01,722 root INFO Connection is ready
06/15/2020 11:45:01,722 root INFO Initial model created for phone type s3mini
06/15/2020 11:45:01,723 root INFO Learning stage started with total step of 3
06/15/2020 11:45:01,724 root INFO Data retrieved at step 1/4
06/15/2020 11:46:04,435 root INFO Creating connection
06/15/2020 11:46:04,495 root INFO Connection is ready
06/15/2020 11:46:04,495 root INFO Initial model created for phone type s3mini
06/15/2020 11:46:04,495 root INFO Learning stage started with total step of 3
06/15/2020 11:46:04,497 root INFO Data retrieved at step 1/4
06/15/2020 12:00:40,963 root INFO Data retrieved at step 2/4
06/15/2020 12:11:10,612 root INFO Data retrieved at step 3/4
06/15/2020 12:11:14,553 root INFO Data retrieved at step 4/4
06/15/2020 12:24:47,444 root INFO Creating connection
06/15/2020 12:24:47,525 root INFO Connection is ready
06/15/2020 12:24:47,525 root INFO Initial model created for phone type s3mini
06/15/2020 12:24:47,525 root INFO Learning stage started with total step of 3
06/15/2020 12:24:47,526 root INFO Data retrieved at step 1/4
06/15/2020 12:39:25,94 root INFO Data retrieved at step 2/4
06/15/2020 12:50:06,968 root INFO Data retrieved at step 3/4
06/15/2020 12:50:11,324 root INFO Data retrieved at step 4/4
06/15/2020 13:05:31,240 root INFO Creating connection
06/15/2020 13:05:31,297 root INFO Connection is ready
06/15/2020 13:05:31,297 root INFO Initial model created for phone type s3mini
06/15/2020 13:05:31,297 root INFO Learning stage started with total step of 3
06/15/2020 13:05:31,298 root INFO Data retrieved at step 1/4
06/15/2020 13:20:33,888 root INFO Data retrieved at step 2/4
06/15/2020 13:31:12,260 root INFO Data retrieved at step 3/4
06/15/2020 13:31:16,145 root INFO Data retrieved at step 4/4
06/15/2020 14:02:09,167 root INFO Creating connection
06/15/2020 14:02:09,249 root INFO Connection is ready
06/15/2020 14:02:09,249 root INFO Initial model created for phone type s3mini
06/15/2020 14:02:09,249 root INFO Learning stage started with total step of 3
06/15/2020 14:02:09,251 root INFO Data retrieved at step 1/4
06/15/2020 14:16:41,101 root INFO Data retrieved at step 2/4
06/15/2020 14:27:39,959 root INFO Creating connection
06/15/2020 14:27:40,18 root INFO Connection is ready
06/15/2020 14:27:40,19 root INFO Initial model created for phone type s3mini
06/15/2020 14:27:40,19 root INFO Learning stage started with total step of 3
06/15/2020 14:27:40,20 root INFO Data retrieved at step 1/4
06/15/2020 14:42:26,834 root INFO Data retrieved at step 2/4
06/15/2020 14:53:05,817 root INFO Data retrieved at step 3/4
06/15/2020 14:53:10,415 root INFO Data retrieved at step 4/4
06/15/2020 15:19:05,499 root INFO Learning stage is done
06/15/2020 15:19:05,499 root INFO Accuracy: 0.8912000802729175
06/15/2020 15:19:05,499 root INFO Multiclass F Beta Score: 0.883180158164952
06/15/2020 15:19:05,499 root INFO Total time: 3085.479662656784
06/15/2020 15:19:05,499 root INFO Time per one iteration: 0.008844869519489469
