04/26/2020 22:58:40,419 root INFO Tablename: inf_20_4
04/26/2020 22:58:42,765 root INFO SVR | Accuracy Score: 0.9851104487030824
04/26/2020 22:58:43,529 root INFO SVR | MSE: 0.021294932477804104
04/26/2020 22:58:44,142 root INFO Random Forest | Accuracy Score: 0.9980787674162999
04/26/2020 22:58:44,164 root INFO Random Forest | MSE: 0.002747733449329556
04/26/2020 22:58:44,273 root INFO KNN | Accuracy Score: 0.9983664707977161
04/26/2020 22:58:44,388 root INFO KNN | MSE: 0.0023362620786537875
04/28/2020 21:21:34,336 root INFO Tablename: inf_20_4
04/28/2020 21:21:36,300 root INFO SVR | Accuracy Score: 0.9851104487030824
04/28/2020 21:21:36,815 root INFO SVR | MSE: 0.021294932477804104
04/28/2020 21:21:38,379 root INFO Random Forest | Accuracy Score: 0.9980787674162999
04/28/2020 21:21:38,400 root INFO Random Forest | MSE: 0.002747733449329556
04/28/2020 21:21:38,485 root INFO KNN | Accuracy Score: 0.9983664707977161
04/28/2020 21:21:38,581 root INFO KNN | MSE: 0.0023362620786537875
04/28/2020 21:21:38,689 root INFO Linear Regression | Accuracy Score: 0.8795644748121203
04/28/2020 21:21:38,702 root INFO Linear Regression | MSE: 0.17224604863248585
04/28/2020 21:21:38,794 root INFO Decision Tree Regression | Accuracy Score: 0.9978738477942521
04/28/2020 21:21:38,798 root INFO Decision Tree Regression | MSE: 0.0030408080643980887
04/28/2020 21:21:38,827 root INFO Bayesian Ridge | Accuracy Score: 0.8795671445726483
04/28/2020 21:21:38,840 root INFO Bayesian Ridge | MSE: 0.17224223035958805
04/28/2020 22:26:11,188 root INFO Tablename: inf_20_2
04/28/2020 22:26:31,381 root INFO SVR | Accuracy Score: 0.9871525954070287
04/28/2020 22:26:34,365 root INFO SVR | MSE: 0.01849402360270189
04/28/2020 22:26:35,811 root INFO Random Forest | Accuracy Score: 0.9973278346501042
04/28/2020 22:26:35,856 root INFO Random Forest | MSE: 0.003846620435565037
04/28/2020 22:26:36,139 root INFO KNN | Accuracy Score: 0.9982402552173804
04/28/2020 22:26:36,430 root INFO KNN | MSE: 0.002533177912238008
04/28/2020 22:26:36,450 root INFO Linear Regression | Accuracy Score: 0.8756236492256352
04/28/2020 22:26:36,477 root INFO Linear Regression | MSE: 0.17904154494344107
04/28/2020 22:26:36,943 root INFO Decision Tree Regression | Accuracy Score: 0.9972254383012678
04/28/2020 22:26:36,967 root INFO Decision Tree Regression | MSE: 0.00399402145173985
04/28/2020 22:26:37,27 root INFO Bayesian Ridge | Accuracy Score: 0.8756213432393425
04/28/2020 22:26:37,50 root INFO Bayesian Ridge | MSE: 0.17904486444385967
04/28/2020 22:30:48,5 root INFO Tablename: inf_20
04/28/2020 22:31:21,239 root INFO SVR | Accuracy Score: 0.9906470899510104
04/28/2020 22:31:30,309 root INFO SVR | MSE: 0.01353581242349823
04/28/2020 22:31:33,906 root INFO Random Forest | Accuracy Score: 0.9986498387848132
04/28/2020 22:31:33,988 root INFO Random Forest | MSE: 0.0019539938751174943
04/28/2020 22:31:34,486 root INFO KNN | Accuracy Score: 0.9990417120411095
04/28/2020 22:31:34,993 root INFO KNN | MSE: 0.0013868631250914226
04/28/2020 22:31:35,7 root INFO Linear Regression | Accuracy Score: 0.8799666633684121
04/28/2020 22:31:35,23 root INFO Linear Regression | MSE: 0.17371585107752674
04/28/2020 22:31:35,509 root INFO Decision Tree Regression | Accuracy Score: 0.9982418423161542
04/28/2020 22:31:35,528 root INFO Decision Tree Regression | MSE: 0.002544458622484102
04/28/2020 22:31:35,553 root INFO Bayesian Ridge | Accuracy Score: 0.8799678946845004
04/28/2020 22:31:35,556 root INFO Bayesian Ridge | MSE: 0.17371406907988995
