04/28/2020 22:20:13,232 root INFO Tablename: inf_20_4
04/28/2020 22:20:20,319 root INFO KNN | MSE: 0.0017933643463437154
04/28/2020 22:20:20,790 root INFO Linear Regression | MSE: 0.02786347628694453
04/28/2020 22:29:15,301 root INFO Tablename: inf_20_2
04/28/2020 22:29:28,705 root INFO KNN | MSE: 0.0006445322069547691
04/28/2020 22:29:29,998 root INFO Linear Regression | MSE: 0.01431781695776914
04/28/2020 22:32:20,347 root INFO Tablename: inf_20
04/28/2020 22:32:48,524 root INFO KNN | MSE: 0.0002303573580481708
04/28/2020 22:32:51,199 root INFO Linear Regression | MSE: 0.007288596579615457
06/14/2020 16:29:11,292 root INFO Tablename: inf_20
06/14/2020 16:29:53,20 root INFO Tablename: inf_20
06/14/2020 16:35:56,96 root INFO Tablename: inf_20
06/14/2020 16:46:34,222 root INFO KNN | MSE: 0.0002303573580481707
06/14/2020 16:46:34,223 root INFO KNN | Accuracy: 0.0
06/14/2020 16:56:06,424 root INFO Tablename: inf_20_2
06/14/2020 16:57:32,78 root INFO Tablename: inf_20_2
06/14/2020 16:57:51,789 root INFO Tablename: inf_20_2
06/14/2020 17:00:54,906 root INFO Total Time: 182.6039571762085
06/14/2020 17:00:54,912 root INFO Time per iteration: 0.00830584294638201
06/14/2020 17:00:54,913 root INFO KNN | MSE: 0.0006445322069547693
06/14/2020 17:08:31,933 root INFO Tablename: inf_20_4
06/14/2020 17:10:08,117 root INFO Total Time: 95.66152715682983
06/14/2020 17:10:08,120 root INFO Time per iteration: 0.008702040130704069
06/14/2020 17:10:08,122 root INFO KNN | MSE: 0.0017933643463437163
06/14/2020 17:23:41,634 root INFO Tablename: inf_20
06/14/2020 17:29:27,250 root INFO Total Time: 345.2883131504059
06/14/2020 17:29:27,266 root INFO Time per iteration: 0.007852815855137727
06/14/2020 17:29:27,267 root INFO KNN | MSE: 0.00023035735804817067
