06/14/2020 03:18:43,565 root INFO Creating connection
06/14/2020 03:18:43,813 root INFO Connection is ready
06/14/2020 03:18:43,840 root INFO Initial model created
06/14/2020 03:18:43,894 root INFO Learning stage started with total step of 3
06/14/2020 03:18:43,937 root INFO Data retrieved at step 1/3
06/14/2020 03:18:44,415 root INFO New connection for test stage established
06/14/2020 03:18:44,415 root INFO Test stage has 100 records for each class from 7 different classes
06/14/2020 03:18:44,510 root INFO Metrics are reset
06/14/2020 03:18:44,561 root INFO Test results have been started to send to Grafana
06/14/2020 03:21:26,191 root INFO Creating connection
06/14/2020 03:21:26,321 root INFO Connection is ready
06/14/2020 03:21:26,352 root INFO Initial model created for phone type s3mini
06/14/2020 03:21:26,406 root INFO Learning stage started with total step of 3
06/14/2020 03:21:26,422 root INFO Data retrieved at step 1/3
06/14/2020 03:21:26,929 root INFO Data retrieved at step 2/3
06/14/2020 03:21:27,335 root INFO Data retrieved at step 3/3
06/14/2020 03:21:27,749 root INFO Data retrieved at step 4/3
06/14/2020 03:21:33,435 root INFO Learning stage is done
06/14/2020 03:21:33,436 root INFO Test stage started
06/14/2020 03:21:33,464 root INFO New connection for test stage established
06/14/2020 03:21:33,465 root INFO Test stage has 100 records for each class from 7 different classes
06/14/2020 03:22:04,823 root INFO Test data set has been created
06/14/2020 03:22:04,852 root INFO Metrics are reset
06/14/2020 03:22:04,890 root INFO Test results have been started to send to Grafana
06/14/2020 03:22:05,279 root INFO All processes are done
